c:\users\capta\onedrive\desktop\retroarch-dev\flycast-dojo-master\build-libretro\flycast_libretro.dir\release\vc145.pdb
c:\users\capta\onedrive\desktop\retroarch-dev\flycast-dojo-master\build-libretro\flycast_libretro.dir\core\cheats.obj
c:\users\capta\onedrive\desktop\retroarch-dev\flycast-dojo-master\build-libretro\flycast_libretro.dir\core\emulator.obj
c:\users\capta\onedrive\desktop\retroarch-dev\flycast-dojo-master\build-libretro\flycast_libretro.dir\core\nulldc.obj
c:\users\capta\onedrive\desktop\retroarch-dev\flycast-dojo-master\build-libretro\flycast_libretro.dir\core\serialize.obj
c:\users\capta\onedrive\desktop\retroarch-dev\flycast-dojo-master\build-libretro\flycast_libretro.dir\core\stdclass.obj
c:\users\capta\onedrive\desktop\retroarch-dev\flycast-dojo-master\build-libretro\flycast_libretro.dir\core\archive\7zarchive.obj
c:\users\capta\onedrive\desktop\retroarch-dev\flycast-dojo-master\build-libretro\flycast_libretro.dir\core\archive\archive.obj
c:\users\capta\onedrive\desktop\retroarch-dev\flycast-dojo-master\build-libretro\flycast_libretro.dir\core\archive\rzip.obj
c:\users\capta\onedrive\desktop\retroarch-dev\flycast-dojo-master\build-libretro\flycast_libretro.dir\core\archive\ziparchive.obj
c:\users\capta\onedrive\desktop\retroarch-dev\flycast-dojo-master\build-libretro\flycast_libretro.dir\core\dojo\asynctcpserver.obj
c:\users\capta\onedrive\desktop\retroarch-dev\flycast-dojo-master\build-libretro\flycast_libretro.dir\core\dojo\dojofile.obj
c:\users\capta\onedrive\desktop\retroarch-dev\flycast-dojo-master\build-libretro\flycast_libretro.dir\core\dojo\dojolobby.obj
c:\users\capta\onedrive\desktop\retroarch-dev\flycast-dojo-master\build-libretro\flycast_libretro.dir\core\dojo\dojosession.obj
c:\users\capta\onedrive\desktop\retroarch-dev\flycast-dojo-master\build-libretro\flycast_libretro.dir\core\dojo\emulatorhooks.obj
c:\users\capta\onedrive\desktop\retroarch-dev\flycast-dojo-master\build-libretro\flycast_libretro.dir\core\dojo\lobbyclient.obj
c:\users\capta\onedrive\desktop\retroarch-dev\flycast-dojo-master\build-libretro\flycast_libretro.dir\core\dojo\relayclient.obj
c:\users\capta\onedrive\desktop\retroarch-dev\flycast-dojo-master\build-libretro\flycast_libretro.dir\core\dojo\udpclient.obj
c:\users\capta\onedrive\desktop\retroarch-dev\flycast-dojo-master\build-libretro\flycast_libretro.dir\core\dojo\deps\stringfix\stringfix.obj
c:\users\capta\onedrive\desktop\retroarch-dev\flycast-dojo-master\build-libretro\flycast_libretro.dir\core\hw\aica\aica.obj
c:\users\capta\onedrive\desktop\retroarch-dev\flycast-dojo-master\build-libretro\flycast_libretro.dir\core\hw\aica\aica_if.obj
c:\users\capta\onedrive\desktop\retroarch-dev\flycast-dojo-master\build-libretro\flycast_libretro.dir\core\hw\aica\aica_mem.obj
c:\users\capta\onedrive\desktop\retroarch-dev\flycast-dojo-master\build-libretro\flycast_libretro.dir\core\hw\aica\dsp.obj
c:\users\capta\onedrive\desktop\retroarch-dev\flycast-dojo-master\build-libretro\flycast_libretro.dir\core\hw\aica\dsp_arm32.obj
c:\users\capta\onedrive\desktop\retroarch-dev\flycast-dojo-master\build-libretro\flycast_libretro.dir\core\hw\aica\dsp_arm64.obj
c:\users\capta\onedrive\desktop\retroarch-dev\flycast-dojo-master\build-libretro\flycast_libretro.dir\core\hw\aica\dsp_interp.obj
c:\users\capta\onedrive\desktop\retroarch-dev\flycast-dojo-master\build-libretro\flycast_libretro.dir\core\hw\aica\dsp_x64.obj
c:\users\capta\onedrive\desktop\retroarch-dev\flycast-dojo-master\build-libretro\flycast_libretro.dir\core\hw\aica\dsp_x86.obj
c:\users\capta\onedrive\desktop\retroarch-dev\flycast-dojo-master\build-libretro\flycast_libretro.dir\core\hw\aica\sgc_if.obj
c:\users\capta\onedrive\desktop\retroarch-dev\flycast-dojo-master\build-libretro\flycast_libretro.dir\core\hw\arm7\arm7.obj
c:\users\capta\onedrive\desktop\retroarch-dev\flycast-dojo-master\build-libretro\flycast_libretro.dir\core\hw\arm7\arm7_rec.obj
c:\users\capta\onedrive\desktop\retroarch-dev\flycast-dojo-master\build-libretro\flycast_libretro.dir\core\hw\arm7\arm7_rec_arm32.obj
c:\users\capta\onedrive\desktop\retroarch-dev\flycast-dojo-master\build-libretro\flycast_libretro.dir\core\hw\arm7\arm7_rec_arm64.obj
c:\users\capta\onedrive\desktop\retroarch-dev\flycast-dojo-master\build-libretro\flycast_libretro.dir\core\hw\arm7\arm7_rec_x64.obj
c:\users\capta\onedrive\desktop\retroarch-dev\flycast-dojo-master\build-libretro\flycast_libretro.dir\core\hw\arm7\arm_mem.obj
c:\users\capta\onedrive\desktop\retroarch-dev\flycast-dojo-master\build-libretro\flycast_libretro.dir\core\hw\bba\bba.obj
c:\users\capta\onedrive\desktop\retroarch-dev\flycast-dojo-master\build-libretro\flycast_libretro.dir\core\hw\bba\rtl8139c.obj
c:\users\capta\onedrive\desktop\retroarch-dev\flycast-dojo-master\build-libretro\flycast_libretro.dir\core\hw\flashrom\flashrom.obj
c:\users\capta\onedrive\desktop\retroarch-dev\flycast-dojo-master\build-libretro\flycast_libretro.dir\core\hw\gdrom\gdromv3.obj
c:\users\capta\onedrive\desktop\retroarch-dev\flycast-dojo-master\build-libretro\flycast_libretro.dir\core\hw\gdrom\gdrom_response.obj
c:\users\capta\onedrive\desktop\retroarch-dev\flycast-dojo-master\build-libretro\flycast_libretro.dir\core\hw\holly\holly_intc.obj
c:\users\capta\onedrive\desktop\retroarch-dev\flycast-dojo-master\build-libretro\flycast_libretro.dir\core\hw\holly\sb.obj
c:\users\capta\onedrive\desktop\retroarch-dev\flycast-dojo-master\build-libretro\flycast_libretro.dir\core\hw\holly\sb_mem.obj
c:\users\capta\onedrive\desktop\retroarch-dev\flycast-dojo-master\build-libretro\flycast_libretro.dir\core\hw\maple\maple_cfg.obj
c:\users\capta\onedrive\desktop\retroarch-dev\flycast-dojo-master\build-libretro\flycast_libretro.dir\core\hw\maple\maple_devs.obj
c:\users\capta\onedrive\desktop\retroarch-dev\flycast-dojo-master\build-libretro\flycast_libretro.dir\core\hw\maple\maple_helper.obj
c:\users\capta\onedrive\desktop\retroarch-dev\flycast-dojo-master\build-libretro\flycast_libretro.dir\core\hw\maple\maple_if.obj
c:\users\capta\onedrive\desktop\retroarch-dev\flycast-dojo-master\build-libretro\flycast_libretro.dir\core\hw\maple\maple_jvs.obj
c:\users\capta\onedrive\desktop\retroarch-dev\flycast-dojo-master\build-libretro\flycast_libretro.dir\core\hw\mem\mem_watch.obj
c:\users\capta\onedrive\desktop\retroarch-dev\flycast-dojo-master\build-libretro\flycast_libretro.dir\core\hw\mem\_vmem.obj
c:\users\capta\onedrive\desktop\retroarch-dev\flycast-dojo-master\build-libretro\flycast_libretro.dir\core\hw\modem\modem.obj
c:\users\capta\onedrive\desktop\retroarch-dev\flycast-dojo-master\build-libretro\flycast_libretro.dir\core\hw\naomi\awcartridge.obj
c:\users\capta\onedrive\desktop\retroarch-dev\flycast-dojo-master\build-libretro\flycast_libretro.dir\core\hw\naomi\card_reader.obj
c:\users\capta\onedrive\desktop\retroarch-dev\flycast-dojo-master\build-libretro\flycast_libretro.dir\core\hw\naomi\decrypt.obj
c:\users\capta\onedrive\desktop\retroarch-dev\flycast-dojo-master\build-libretro\flycast_libretro.dir\core\hw\naomi\gdcartridge.obj
c:\users\capta\onedrive\desktop\retroarch-dev\flycast-dojo-master\build-libretro\flycast_libretro.dir\core\hw\naomi\m1cartridge.obj
c:\users\capta\onedrive\desktop\retroarch-dev\flycast-dojo-master\build-libretro\flycast_libretro.dir\core\hw\naomi\m4cartridge.obj
c:\users\capta\onedrive\desktop\retroarch-dev\flycast-dojo-master\build-libretro\flycast_libretro.dir\core\hw\naomi\naomi.obj
c:\users\capta\onedrive\desktop\retroarch-dev\flycast-dojo-master\build-libretro\flycast_libretro.dir\core\hw\naomi\naomi_cart.obj
c:\users\capta\onedrive\desktop\retroarch-dev\flycast-dojo-master\build-libretro\flycast_libretro.dir\core\hw\naomi\naomi_flashrom.obj
c:\users\capta\onedrive\desktop\retroarch-dev\flycast-dojo-master\build-libretro\flycast_libretro.dir\core\hw\naomi\naomi_m3comm.obj
c:\users\capta\onedrive\desktop\retroarch-dev\flycast-dojo-master\build-libretro\flycast_libretro.dir\core\hw\naomi\naomi_roms.obj
c:\users\capta\onedrive\desktop\retroarch-dev\flycast-dojo-master\build-libretro\flycast_libretro.dir\core\hw\pvr\elan.obj
c:\users\capta\onedrive\desktop\retroarch-dev\flycast-dojo-master\build-libretro\flycast_libretro.dir\core\hw\pvr\pvr.obj
c:\users\capta\onedrive\desktop\retroarch-dev\flycast-dojo-master\build-libretro\flycast_libretro.dir\core\hw\pvr\pvr_mem.obj
c:\users\capta\onedrive\desktop\retroarch-dev\flycast-dojo-master\build-libretro\flycast_libretro.dir\core\hw\pvr\pvr_regs.obj
c:\users\capta\onedrive\desktop\retroarch-dev\flycast-dojo-master\build-libretro\flycast_libretro.dir\core\hw\pvr\pvr_sb_regs.obj
c:\users\capta\onedrive\desktop\retroarch-dev\flycast-dojo-master\build-libretro\flycast_libretro.dir\core\hw\pvr\renderer_if.obj
c:\users\capta\onedrive\desktop\retroarch-dev\flycast-dojo-master\build-libretro\flycast_libretro.dir\core\hw\pvr\spg.obj
c:\users\capta\onedrive\desktop\retroarch-dev\flycast-dojo-master\build-libretro\flycast_libretro.dir\core\hw\pvr\ta.obj
c:\users\capta\onedrive\desktop\retroarch-dev\flycast-dojo-master\build-libretro\flycast_libretro.dir\core\hw\pvr\ta_ctx.obj
c:\users\capta\onedrive\desktop\retroarch-dev\flycast-dojo-master\build-libretro\flycast_libretro.dir\core\hw\pvr\ta_util.obj
c:\users\capta\onedrive\desktop\retroarch-dev\flycast-dojo-master\build-libretro\flycast_libretro.dir\core\hw\pvr\ta_vtx.obj
c:\users\capta\onedrive\desktop\retroarch-dev\flycast-dojo-master\build-libretro\flycast_libretro.dir\core\hw\sh4\dyna\blockmanager.obj
c:\users\capta\onedrive\desktop\retroarch-dev\flycast-dojo-master\build-libretro\flycast_libretro.dir\core\hw\sh4\dyna\decoder.obj
c:\users\capta\onedrive\desktop\retroarch-dev\flycast-dojo-master\build-libretro\flycast_libretro.dir\core\hw\sh4\dyna\driver.obj
c:\users\capta\onedrive\desktop\retroarch-dev\flycast-dojo-master\build-libretro\flycast_libretro.dir\core\hw\sh4\dyna\shil.obj
c:\users\capta\onedrive\desktop\retroarch-dev\flycast-dojo-master\build-libretro\flycast_libretro.dir\core\hw\sh4\dyna\ssa.obj
c:\users\capta\onedrive\desktop\retroarch-dev\flycast-dojo-master\build-libretro\flycast_libretro.dir\core\hw\sh4\interpr\sh4_fpu.obj
c:\users\capta\onedrive\desktop\retroarch-dev\flycast-dojo-master\build-libretro\flycast_libretro.dir\core\hw\sh4\interpr\sh4_interpreter.obj
c:\users\capta\onedrive\desktop\retroarch-dev\flycast-dojo-master\build-libretro\flycast_libretro.dir\core\hw\sh4\interpr\sh4_opcodes.obj
c:\users\capta\onedrive\desktop\retroarch-dev\flycast-dojo-master\build-libretro\flycast_libretro.dir\core\hw\sh4\modules\bsc.obj
c:\users\capta\onedrive\desktop\retroarch-dev\flycast-dojo-master\build-libretro\flycast_libretro.dir\core\hw\sh4\modules\ccn.obj
c:\users\capta\onedrive\desktop\retroarch-dev\flycast-dojo-master\build-libretro\flycast_libretro.dir\core\hw\sh4\modules\cpg.obj
c:\users\capta\onedrive\desktop\retroarch-dev\flycast-dojo-master\build-libretro\flycast_libretro.dir\core\hw\sh4\modules\dmac.obj
c:\users\capta\onedrive\desktop\retroarch-dev\flycast-dojo-master\build-libretro\flycast_libretro.dir\core\hw\sh4\modules\fastmmu.obj
c:\users\capta\onedrive\desktop\retroarch-dev\flycast-dojo-master\build-libretro\flycast_libretro.dir\core\hw\sh4\modules\intc.obj
c:\users\capta\onedrive\desktop\retroarch-dev\flycast-dojo-master\build-libretro\flycast_libretro.dir\core\hw\sh4\modules\mmu.obj
c:\users\capta\onedrive\desktop\retroarch-dev\flycast-dojo-master\build-libretro\flycast_libretro.dir\core\hw\sh4\modules\rtc.obj
c:\users\capta\onedrive\desktop\retroarch-dev\flycast-dojo-master\build-libretro\flycast_libretro.dir\core\hw\sh4\modules\serial.obj
c:\users\capta\onedrive\desktop\retroarch-dev\flycast-dojo-master\build-libretro\flycast_libretro.dir\core\hw\sh4\modules\tmu.obj
c:\users\capta\onedrive\desktop\retroarch-dev\flycast-dojo-master\build-libretro\flycast_libretro.dir\core\hw\sh4\modules\ubc.obj
c:\users\capta\onedrive\desktop\retroarch-dev\flycast-dojo-master\build-libretro\flycast_libretro.dir\core\hw\sh4\sh4_core_regs.obj
c:\users\capta\onedrive\desktop\retroarch-dev\flycast-dojo-master\build-libretro\flycast_libretro.dir\core\hw\sh4\sh4_interrupts.obj
c:\users\capta\onedrive\desktop\retroarch-dev\flycast-dojo-master\build-libretro\flycast_libretro.dir\core\hw\sh4\sh4_mem.obj
c:\users\capta\onedrive\desktop\retroarch-dev\flycast-dojo-master\build-libretro\flycast_libretro.dir\core\hw\sh4\sh4_mmr.obj
c:\users\capta\onedrive\desktop\retroarch-dev\flycast-dojo-master\build-libretro\flycast_libretro.dir\core\hw\sh4\sh4_opcode_list.obj
c:\users\capta\onedrive\desktop\retroarch-dev\flycast-dojo-master\build-libretro\flycast_libretro.dir\core\hw\sh4\sh4_rom.obj
c:\users\capta\onedrive\desktop\retroarch-dev\flycast-dojo-master\build-libretro\flycast_libretro.dir\core\hw\sh4\sh4_sched.obj
c:\users\capta\onedrive\desktop\retroarch-dev\flycast-dojo-master\build-libretro\flycast_libretro.dir\core\imgread\cdi.obj
c:\users\capta\onedrive\desktop\retroarch-dev\flycast-dojo-master\build-libretro\flycast_libretro.dir\core\imgread\chd.obj
c:\users\capta\onedrive\desktop\retroarch-dev\flycast-dojo-master\build-libretro\flycast_libretro.dir\core\imgread\common.obj
c:\users\capta\onedrive\desktop\retroarch-dev\flycast-dojo-master\build-libretro\flycast_libretro.dir\core\imgread\cue.obj
c:\users\capta\onedrive\desktop\retroarch-dev\flycast-dojo-master\build-libretro\flycast_libretro.dir\core\imgread\gdi.obj
c:\users\capta\onedrive\desktop\retroarch-dev\flycast-dojo-master\build-libretro\flycast_libretro.dir\core\imgread\imgreader.obj
c:\users\capta\onedrive\desktop\retroarch-dev\flycast-dojo-master\build-libretro\flycast_libretro.dir\core\imgread\ioctl.obj
c:\users\capta\onedrive\desktop\retroarch-dev\flycast-dojo-master\build-libretro\flycast_libretro.dir\core\imgread\isofs.obj
c:\users\capta\onedrive\desktop\retroarch-dev\flycast-dojo-master\build-libretro\flycast_libretro.dir\core\cfg\cfg.obj
c:\users\capta\onedrive\desktop\retroarch-dev\flycast-dojo-master\build-libretro\flycast_libretro.dir\core\cfg\cl.obj
c:\users\capta\onedrive\desktop\retroarch-dev\flycast-dojo-master\build-libretro\flycast_libretro.dir\core\cfg\ini.obj
c:\users\capta\onedrive\desktop\retroarch-dev\flycast-dojo-master\build-libretro\flycast_libretro.dir\core\input\gamepad_device.obj
c:\users\capta\onedrive\desktop\retroarch-dev\flycast-dojo-master\build-libretro\flycast_libretro.dir\core\input\mapping.obj
c:\users\capta\onedrive\desktop\retroarch-dev\flycast-dojo-master\build-libretro\flycast_libretro.dir\core\input\mouse.obj
c:\users\capta\onedrive\desktop\retroarch-dev\flycast-dojo-master\build-libretro\flycast_libretro.dir\core\network\dns.obj
c:\users\capta\onedrive\desktop\retroarch-dev\flycast-dojo-master\build-libretro\flycast_libretro.dir\core\network\miniupnp.obj
c:\users\capta\onedrive\desktop\retroarch-dev\flycast-dojo-master\build-libretro\flycast_libretro.dir\core\network\naomi_network.obj
c:\users\capta\onedrive\desktop\retroarch-dev\flycast-dojo-master\build-libretro\flycast_libretro.dir\core\network\net_handshake.obj
c:\users\capta\onedrive\desktop\retroarch-dev\flycast-dojo-master\build-libretro\flycast_libretro.dir\core\network\output.obj
c:\users\capta\onedrive\desktop\retroarch-dev\flycast-dojo-master\build-libretro\flycast_libretro.dir\core\network\picoppp.obj
c:\users\capta\onedrive\desktop\retroarch-dev\flycast-dojo-master\build-libretro\flycast_libretro.dir\core\network\ifaddrs.obj
c:\users\capta\onedrive\desktop\retroarch-dev\flycast-dojo-master\build-libretro\flycast_libretro.dir\core\lua\lua.obj
c:\users\capta\onedrive\desktop\retroarch-dev\flycast-dojo-master\build-libretro\flycast_libretro.dir\core\rec-cpp\rec_cpp.obj
c:\users\capta\onedrive\desktop\retroarch-dev\flycast-dojo-master\build-libretro\flycast_libretro.dir\core\rec-x64\rec_x64.obj
c:\users\capta\onedrive\desktop\retroarch-dev\flycast-dojo-master\build-libretro\flycast_libretro.dir\core\reios\descrambl.obj
c:\users\capta\onedrive\desktop\retroarch-dev\flycast-dojo-master\build-libretro\flycast_libretro.dir\core\reios\gdrom_hle.obj
c:\users\capta\onedrive\desktop\retroarch-dev\flycast-dojo-master\build-libretro\flycast_libretro.dir\core\reios\reios.obj
c:\users\capta\onedrive\desktop\retroarch-dev\flycast-dojo-master\build-libretro\flycast_libretro.dir\core\reios\reios_elf.obj
c:\users\capta\onedrive\desktop\retroarch-dev\flycast-dojo-master\build-libretro\flycast_libretro.dir\core\rend\customtexture.obj
c:\users\capta\onedrive\desktop\retroarch-dev\flycast-dojo-master\build-libretro\flycast_libretro.dir\core\rend\osd.obj
c:\users\capta\onedrive\desktop\retroarch-dev\flycast-dojo-master\build-libretro\flycast_libretro.dir\core\rend\sorter.obj
c:\users\capta\onedrive\desktop\retroarch-dev\flycast-dojo-master\build-libretro\flycast_libretro.dir\core\rend\texcache.obj
c:\users\capta\onedrive\desktop\retroarch-dev\flycast-dojo-master\build-libretro\flycast_libretro.dir\core\rend\norend\norend.obj
c:\users\capta\onedrive\desktop\retroarch-dev\flycast-dojo-master\build-libretro\flycast_libretro.dir\core\rend\gles\gldraw.obj
c:\users\capta\onedrive\desktop\retroarch-dev\flycast-dojo-master\build-libretro\flycast_libretro.dir\core\rend\gles\gles.obj
c:\users\capta\onedrive\desktop\retroarch-dev\flycast-dojo-master\build-libretro\flycast_libretro.dir\core\rend\gles\gltex.obj
c:\users\capta\onedrive\desktop\retroarch-dev\flycast-dojo-master\build-libretro\flycast_libretro.dir\core\rend\gles\naomi2.obj
c:\users\capta\onedrive\desktop\retroarch-dev\flycast-dojo-master\build-libretro\flycast_libretro.dir\core\rend\gles\postprocess.obj
c:\users\capta\onedrive\desktop\retroarch-dev\flycast-dojo-master\build-libretro\flycast_libretro.dir\core\rend\gles\quad.obj
c:\users\capta\onedrive\desktop\retroarch-dev\flycast-dojo-master\build-libretro\flycast_libretro.dir\core\rend\gl4\abuffer.obj
c:\users\capta\onedrive\desktop\retroarch-dev\flycast-dojo-master\build-libretro\flycast_libretro.dir\core\rend\gl4\gl4naomi2.obj
c:\users\capta\onedrive\desktop\retroarch-dev\flycast-dojo-master\build-libretro\flycast_libretro.dir\core\rend\gl4\gldraw.obj
c:\users\capta\onedrive\desktop\retroarch-dev\flycast-dojo-master\build-libretro\flycast_libretro.dir\core\rend\gl4\gles.obj
c:\users\capta\onedrive\desktop\retroarch-dev\flycast-dojo-master\build-libretro\flycast_libretro.dir\core\rend\vulkan\buffer.obj
c:\users\capta\onedrive\desktop\retroarch-dev\flycast-dojo-master\build-libretro\flycast_libretro.dir\core\rend\vulkan\compiler.obj
c:\users\capta\onedrive\desktop\retroarch-dev\flycast-dojo-master\build-libretro\flycast_libretro.dir\core\rend\vulkan\drawer.obj
c:\users\capta\onedrive\desktop\retroarch-dev\flycast-dojo-master\build-libretro\flycast_libretro.dir\core\rend\vulkan\overlay.obj
c:\users\capta\onedrive\desktop\retroarch-dev\flycast-dojo-master\build-libretro\flycast_libretro.dir\core\rend\vulkan\pipeline.obj
c:\users\capta\onedrive\desktop\retroarch-dev\flycast-dojo-master\build-libretro\flycast_libretro.dir\core\rend\vulkan\quad.obj
c:\users\capta\onedrive\desktop\retroarch-dev\flycast-dojo-master\build-libretro\flycast_libretro.dir\core\rend\vulkan\shaders.obj
c:\users\capta\onedrive\desktop\retroarch-dev\flycast-dojo-master\build-libretro\flycast_libretro.dir\core\rend\vulkan\texture.obj
c:\users\capta\onedrive\desktop\retroarch-dev\flycast-dojo-master\build-libretro\flycast_libretro.dir\core\rend\vulkan\vk_context_lr.obj
c:\users\capta\onedrive\desktop\retroarch-dev\flycast-dojo-master\build-libretro\flycast_libretro.dir\core\rend\vulkan\vmallocator.obj
c:\users\capta\onedrive\desktop\retroarch-dev\flycast-dojo-master\build-libretro\flycast_libretro.dir\core\rend\vulkan\vulkan_renderer.obj
c:\users\capta\onedrive\desktop\retroarch-dev\flycast-dojo-master\build-libretro\flycast_libretro.dir\core\rend\vulkan\oit\oit_drawer.obj
c:\users\capta\onedrive\desktop\retroarch-dev\flycast-dojo-master\build-libretro\flycast_libretro.dir\core\rend\vulkan\oit\oit_pipeline.obj
c:\users\capta\onedrive\desktop\retroarch-dev\flycast-dojo-master\build-libretro\flycast_libretro.dir\core\rend\vulkan\oit\oit_renderer.obj
c:\users\capta\onedrive\desktop\retroarch-dev\flycast-dojo-master\build-libretro\flycast_libretro.dir\core\rend\vulkan\oit\oit_renderpass.obj
c:\users\capta\onedrive\desktop\retroarch-dev\flycast-dojo-master\build-libretro\flycast_libretro.dir\core\rend\vulkan\oit\oit_shaders.obj
c:\users\capta\onedrive\desktop\retroarch-dev\flycast-dojo-master\build-libretro\flycast_libretro.dir\core\rend\dx11\dx11context.obj
c:\users\capta\onedrive\desktop\retroarch-dev\flycast-dojo-master\build-libretro\flycast_libretro.dir\core\rend\dx11\dx11context_lr.obj
c:\users\capta\onedrive\desktop\retroarch-dev\flycast-dojo-master\build-libretro\flycast_libretro.dir\core\rend\dx11\dx11_naomi2.obj
c:\users\capta\onedrive\desktop\retroarch-dev\flycast-dojo-master\build-libretro\flycast_libretro.dir\core\rend\dx11\dx11_overlay.obj
c:\users\capta\onedrive\desktop\retroarch-dev\flycast-dojo-master\build-libretro\flycast_libretro.dir\core\rend\dx11\dx11_renderer.obj
c:\users\capta\onedrive\desktop\retroarch-dev\flycast-dojo-master\build-libretro\flycast_libretro.dir\core\rend\dx11\dx11_renderstate.obj
c:\users\capta\onedrive\desktop\retroarch-dev\flycast-dojo-master\build-libretro\flycast_libretro.dir\core\rend\dx11\dx11_shaders.obj
c:\users\capta\onedrive\desktop\retroarch-dev\flycast-dojo-master\build-libretro\flycast_libretro.dir\core\rend\dx11\dx11_texture.obj
c:\users\capta\onedrive\desktop\retroarch-dev\flycast-dojo-master\build-libretro\flycast_libretro.dir\core\rend\dx11\oit\dx11_oitrenderer.obj
c:\users\capta\onedrive\desktop\retroarch-dev\flycast-dojo-master\build-libretro\flycast_libretro.dir\core\rend\dx11\oit\dx11_oitshaders.obj
c:\users\capta\onedrive\desktop\retroarch-dev\flycast-dojo-master\build-libretro\flycast_libretro.dir\core\wsi\gl_context.obj
c:\users\capta\onedrive\desktop\retroarch-dev\flycast-dojo-master\build-libretro\flycast_libretro.dir\core\wsi\libretro.obj
c:\users\capta\onedrive\desktop\retroarch-dev\flycast-dojo-master\build-libretro\flycast_libretro.dir\core\wsi\switcher.obj
c:\users\capta\onedrive\desktop\retroarch-dev\flycast-dojo-master\build-libretro\flycast_libretro.dir\core\wsi\gl4funcs.obj
c:\users\capta\onedrive\desktop\retroarch-dev\flycast-dojo-master\build-libretro\flycast_libretro.dir\core\windows\fault_handler.obj
c:\users\capta\onedrive\desktop\retroarch-dev\flycast-dojo-master\build-libretro\flycast_libretro.dir\core\windows\unwind_info.obj
c:\users\capta\onedrive\desktop\retroarch-dev\flycast-dojo-master\build-libretro\flycast_libretro.dir\core\windows\win_vmem.obj
c:\users\capta\onedrive\desktop\retroarch-dev\flycast-dojo-master\build-libretro\flycast_libretro.dir\core\deps\chdpsr\cdipsr.obj
c:\users\capta\onedrive\desktop\retroarch-dev\flycast-dojo-master\build-libretro\flycast_libretro.dir\core\deps\picotcp\modules\pico_arp.obj
c:\users\capta\onedrive\desktop\retroarch-dev\flycast-dojo-master\build-libretro\flycast_libretro.dir\core\deps\picotcp\modules\pico_dev_ppp.obj
c:\users\capta\onedrive\desktop\retroarch-dev\flycast-dojo-master\build-libretro\flycast_libretro.dir\core\deps\picotcp\modules\pico_dhcp_common.obj
c:\users\capta\onedrive\desktop\retroarch-dev\flycast-dojo-master\build-libretro\flycast_libretro.dir\core\deps\picotcp\modules\pico_dhcp_server.obj
c:\users\capta\onedrive\desktop\retroarch-dev\flycast-dojo-master\build-libretro\flycast_libretro.dir\core\deps\picotcp\modules\pico_dns_client.obj
c:\users\capta\onedrive\desktop\retroarch-dev\flycast-dojo-master\build-libretro\flycast_libretro.dir\core\deps\picotcp\modules\pico_dns_common.obj
c:\users\capta\onedrive\desktop\retroarch-dev\flycast-dojo-master\build-libretro\flycast_libretro.dir\core\deps\picotcp\modules\pico_ethernet.obj
c:\users\capta\onedrive\desktop\retroarch-dev\flycast-dojo-master\build-libretro\flycast_libretro.dir\core\deps\picotcp\modules\pico_fragments.obj
c:\users\capta\onedrive\desktop\retroarch-dev\flycast-dojo-master\build-libretro\flycast_libretro.dir\core\deps\picotcp\modules\pico_icmp4.obj
c:\users\capta\onedrive\desktop\retroarch-dev\flycast-dojo-master\build-libretro\flycast_libretro.dir\core\deps\picotcp\modules\pico_ipv4.obj
c:\users\capta\onedrive\desktop\retroarch-dev\flycast-dojo-master\build-libretro\flycast_libretro.dir\core\deps\picotcp\modules\pico_socket_tcp.obj
c:\users\capta\onedrive\desktop\retroarch-dev\flycast-dojo-master\build-libretro\flycast_libretro.dir\core\deps\picotcp\modules\pico_socket_udp.obj
c:\users\capta\onedrive\desktop\retroarch-dev\flycast-dojo-master\build-libretro\flycast_libretro.dir\core\deps\picotcp\modules\pico_strings.obj
c:\users\capta\onedrive\desktop\retroarch-dev\flycast-dojo-master\build-libretro\flycast_libretro.dir\core\deps\picotcp\modules\pico_tcp.obj
c:\users\capta\onedrive\desktop\retroarch-dev\flycast-dojo-master\build-libretro\flycast_libretro.dir\core\deps\picotcp\modules\pico_udp.obj
c:\users\capta\onedrive\desktop\retroarch-dev\flycast-dojo-master\build-libretro\flycast_libretro.dir\core\deps\picotcp\stack\pico_device.obj
c:\users\capta\onedrive\desktop\retroarch-dev\flycast-dojo-master\build-libretro\flycast_libretro.dir\core\deps\picotcp\stack\pico_frame.obj
c:\users\capta\onedrive\desktop\retroarch-dev\flycast-dojo-master\build-libretro\flycast_libretro.dir\core\deps\picotcp\stack\pico_md5.obj
c:\users\capta\onedrive\desktop\retroarch-dev\flycast-dojo-master\build-libretro\flycast_libretro.dir\core\deps\picotcp\stack\pico_protocol.obj
c:\users\capta\onedrive\desktop\retroarch-dev\flycast-dojo-master\build-libretro\flycast_libretro.dir\core\deps\picotcp\stack\pico_socket.obj
c:\users\capta\onedrive\desktop\retroarch-dev\flycast-dojo-master\build-libretro\flycast_libretro.dir\core\deps\picotcp\stack\pico_socket_multicast.obj
c:\users\capta\onedrive\desktop\retroarch-dev\flycast-dojo-master\build-libretro\flycast_libretro.dir\core\deps\picotcp\stack\pico_stack.obj
c:\users\capta\onedrive\desktop\retroarch-dev\flycast-dojo-master\build-libretro\flycast_libretro.dir\core\deps\picotcp\stack\pico_tree.obj
c:\users\capta\onedrive\desktop\retroarch-dev\flycast-dojo-master\build-libretro\flycast_libretro.dir\core\deps\lzma\7zarcin.obj
c:\users\capta\onedrive\desktop\retroarch-dev\flycast-dojo-master\build-libretro\flycast_libretro.dir\core\deps\lzma\7zbuf.obj
c:\users\capta\onedrive\desktop\retroarch-dev\flycast-dojo-master\build-libretro\flycast_libretro.dir\core\deps\lzma\7zcrc.obj
c:\users\capta\onedrive\desktop\retroarch-dev\flycast-dojo-master\build-libretro\flycast_libretro.dir\core\deps\lzma\7zcrcopt.obj
c:\users\capta\onedrive\desktop\retroarch-dev\flycast-dojo-master\build-libretro\flycast_libretro.dir\core\deps\lzma\7zdec.obj
c:\users\capta\onedrive\desktop\retroarch-dev\flycast-dojo-master\build-libretro\flycast_libretro.dir\core\deps\lzma\7zfile.obj
c:\users\capta\onedrive\desktop\retroarch-dev\flycast-dojo-master\build-libretro\flycast_libretro.dir\core\deps\lzma\7zstream.obj
c:\users\capta\onedrive\desktop\retroarch-dev\flycast-dojo-master\build-libretro\flycast_libretro.dir\core\deps\lzma\alloc.obj
c:\users\capta\onedrive\desktop\retroarch-dev\flycast-dojo-master\build-libretro\flycast_libretro.dir\core\deps\lzma\bcj2.obj
c:\users\capta\onedrive\desktop\retroarch-dev\flycast-dojo-master\build-libretro\flycast_libretro.dir\core\deps\lzma\bra.obj
c:\users\capta\onedrive\desktop\retroarch-dev\flycast-dojo-master\build-libretro\flycast_libretro.dir\core\deps\lzma\bra86.obj
c:\users\capta\onedrive\desktop\retroarch-dev\flycast-dojo-master\build-libretro\flycast_libretro.dir\core\deps\lzma\braia64.obj
c:\users\capta\onedrive\desktop\retroarch-dev\flycast-dojo-master\build-libretro\flycast_libretro.dir\core\deps\lzma\cpuarch.obj
c:\users\capta\onedrive\desktop\retroarch-dev\flycast-dojo-master\build-libretro\flycast_libretro.dir\core\deps\lzma\delta.obj
c:\users\capta\onedrive\desktop\retroarch-dev\flycast-dojo-master\build-libretro\flycast_libretro.dir\core\deps\lzma\lzfind.obj
c:\users\capta\onedrive\desktop\retroarch-dev\flycast-dojo-master\build-libretro\flycast_libretro.dir\core\deps\lzma\lzma2dec.obj
c:\users\capta\onedrive\desktop\retroarch-dev\flycast-dojo-master\build-libretro\flycast_libretro.dir\core\deps\lzma\lzma86dec.obj
c:\users\capta\onedrive\desktop\retroarch-dev\flycast-dojo-master\build-libretro\flycast_libretro.dir\core\deps\lzma\lzma86enc.obj
c:\users\capta\onedrive\desktop\retroarch-dev\flycast-dojo-master\build-libretro\flycast_libretro.dir\core\deps\lzma\lzmadec.obj
c:\users\capta\onedrive\desktop\retroarch-dev\flycast-dojo-master\build-libretro\flycast_libretro.dir\core\deps\lzma\lzmaenc.obj
c:\users\capta\onedrive\desktop\retroarch-dev\flycast-dojo-master\build-libretro\flycast_libretro.dir\core\deps\lzma\lzmalib.obj
c:\users\capta\onedrive\desktop\retroarch-dev\flycast-dojo-master\build-libretro\flycast_libretro.dir\core\deps\lzma\sort.obj
c:\users\capta\onedrive\desktop\retroarch-dev\flycast-dojo-master\build-libretro\flycast_libretro.dir\core\deps\xbrz\xbrz.obj
c:\users\capta\onedrive\desktop\retroarch-dev\flycast-dojo-master\build-libretro\flycast_libretro.dir\core\deps\md5\md5.obj
c:\users\capta\onedrive\desktop\retroarch-dev\flycast-dojo-master\build-libretro\flycast_libretro.dir\core\deps\xxhash\xxhash.obj
c:\users\capta\onedrive\desktop\retroarch-dev\flycast-dojo-master\build-libretro\flycast_libretro.dir\core\deps\libretro-common\memmap\memalign.obj
c:\users\capta\onedrive\desktop\retroarch-dev\flycast-dojo-master\build-libretro\flycast_libretro.dir\core\deps\libretro-common\file\file_path.obj
c:\users\capta\onedrive\desktop\retroarch-dev\flycast-dojo-master\build-libretro\flycast_libretro.dir\core\deps\libretro-common\vfs\vfs_implementation.obj
c:\users\capta\onedrive\desktop\retroarch-dev\flycast-dojo-master\build-libretro\flycast_libretro.dir\core\deps\libretro-common\encodings\encoding_utf.obj
c:\users\capta\onedrive\desktop\retroarch-dev\flycast-dojo-master\build-libretro\flycast_libretro.dir\core\deps\libretro-common\compat\compat_strl.obj
c:\users\capta\onedrive\desktop\retroarch-dev\flycast-dojo-master\build-libretro\flycast_libretro.dir\core\deps\libretro-common\compat\fopen_utf8.obj
c:\users\capta\onedrive\desktop\retroarch-dev\flycast-dojo-master\build-libretro\flycast_libretro.dir\core\deps\libretro-common\compat\compat_strcasestr.obj
c:\users\capta\onedrive\desktop\retroarch-dev\flycast-dojo-master\build-libretro\flycast_libretro.dir\core\deps\libretro-common\file\retro_dirent.obj
c:\users\capta\onedrive\desktop\retroarch-dev\flycast-dojo-master\build-libretro\flycast_libretro.dir\core\deps\libretro-common\string\stdstring.obj
c:\users\capta\onedrive\desktop\retroarch-dev\flycast-dojo-master\build-libretro\flycast_libretro.dir\core\deps\libretro-common\glsm\glsm.obj
c:\users\capta\onedrive\desktop\retroarch-dev\flycast-dojo-master\build-libretro\flycast_libretro.dir\core\deps\libretro-common\glsym\rglgen.obj
c:\users\capta\onedrive\desktop\retroarch-dev\flycast-dojo-master\build-libretro\flycast_libretro.dir\core\deps\libretro-common\glsym\glsym_gl.obj
c:\users\capta\onedrive\desktop\retroarch-dev\flycast-dojo-master\build-libretro\flycast_libretro.dir\shell\libretro\audiostream.obj
c:\users\capta\onedrive\desktop\retroarch-dev\flycast-dojo-master\build-libretro\flycast_libretro.dir\shell\libretro\gui_stub.obj
c:\users\capta\onedrive\desktop\retroarch-dev\flycast-dojo-master\build-libretro\flycast_libretro.dir\shell\libretro\logmanager.obj
c:\users\capta\onedrive\desktop\retroarch-dev\flycast-dojo-master\build-libretro\flycast_libretro.dir\shell\libretro\option.obj
c:\users\capta\onedrive\desktop\retroarch-dev\flycast-dojo-master\build-libretro\flycast_libretro.dir\shell\libretro\oslib.obj
c:\users\capta\onedrive\desktop\retroarch-dev\flycast-dojo-master\build-libretro\flycast_libretro.dir\shell\libretro\vmu_xhair.obj
c:\users\capta\onedrive\desktop\retroarch-dev\flycast-dojo-master\build-libretro\flycast_libretro.dir\shell\libretro\msvc_compat.obj
c:\users\capta\onedrive\desktop\retroarch-dev\flycast-dojo-master\build-libretro\flycast_libretro.dir\core\deps\libchdr\src\libchdr_bitstream.obj
c:\users\capta\onedrive\desktop\retroarch-dev\flycast-dojo-master\build-libretro\flycast_libretro.dir\core\deps\libchdr\src\libchdr_cdrom.obj
c:\users\capta\onedrive\desktop\retroarch-dev\flycast-dojo-master\build-libretro\flycast_libretro.dir\core\deps\libchdr\src\libchdr_chd.obj
c:\users\capta\onedrive\desktop\retroarch-dev\flycast-dojo-master\build-libretro\flycast_libretro.dir\core\deps\libchdr\src\libchdr_flac.obj
c:\users\capta\onedrive\desktop\retroarch-dev\flycast-dojo-master\build-libretro\flycast_libretro.dir\core\deps\libchdr\src\libchdr_huffman.obj
c:\users\capta\onedrive\desktop\retroarch-dev\flycast-dojo-master\build-libretro\flycast_libretro.dir\core\deps\libchdr\deps\zlib-1.3.1\adler32.obj
c:\users\capta\onedrive\desktop\retroarch-dev\flycast-dojo-master\build-libretro\flycast_libretro.dir\core\deps\libchdr\deps\zlib-1.3.1\compress.obj
c:\users\capta\onedrive\desktop\retroarch-dev\flycast-dojo-master\build-libretro\flycast_libretro.dir\core\deps\libchdr\deps\zlib-1.3.1\crc32.obj
c:\users\capta\onedrive\desktop\retroarch-dev\flycast-dojo-master\build-libretro\flycast_libretro.dir\core\deps\libchdr\deps\zlib-1.3.1\deflate.obj
c:\users\capta\onedrive\desktop\retroarch-dev\flycast-dojo-master\build-libretro\flycast_libretro.dir\core\deps\libchdr\deps\zlib-1.3.1\gzclose.obj
c:\users\capta\onedrive\desktop\retroarch-dev\flycast-dojo-master\build-libretro\flycast_libretro.dir\core\deps\libchdr\deps\zlib-1.3.1\gzlib.obj
c:\users\capta\onedrive\desktop\retroarch-dev\flycast-dojo-master\build-libretro\flycast_libretro.dir\core\deps\libchdr\deps\zlib-1.3.1\gzread.obj
c:\users\capta\onedrive\desktop\retroarch-dev\flycast-dojo-master\build-libretro\flycast_libretro.dir\core\deps\libchdr\deps\zlib-1.3.1\gzwrite.obj
c:\users\capta\onedrive\desktop\retroarch-dev\flycast-dojo-master\build-libretro\flycast_libretro.dir\core\deps\libchdr\deps\zlib-1.3.1\infback.obj
c:\users\capta\onedrive\desktop\retroarch-dev\flycast-dojo-master\build-libretro\flycast_libretro.dir\core\deps\libchdr\deps\zlib-1.3.1\inffast.obj
c:\users\capta\onedrive\desktop\retroarch-dev\flycast-dojo-master\build-libretro\flycast_libretro.dir\core\deps\libchdr\deps\zlib-1.3.1\inflate.obj
c:\users\capta\onedrive\desktop\retroarch-dev\flycast-dojo-master\build-libretro\flycast_libretro.dir\core\deps\libchdr\deps\zlib-1.3.1\inftrees.obj
c:\users\capta\onedrive\desktop\retroarch-dev\flycast-dojo-master\build-libretro\flycast_libretro.dir\core\deps\libchdr\deps\zlib-1.3.1\trees.obj
c:\users\capta\onedrive\desktop\retroarch-dev\flycast-dojo-master\build-libretro\flycast_libretro.dir\core\deps\libchdr\deps\zlib-1.3.1\uncompr.obj
c:\users\capta\onedrive\desktop\retroarch-dev\flycast-dojo-master\build-libretro\flycast_libretro.dir\core\deps\libchdr\deps\zlib-1.3.1\zutil.obj
c:\users\capta\onedrive\desktop\retroarch-dev\flycast-dojo-master\build-libretro\flycast_libretro.dir\core\deps\libchdr\deps\zstd-1.5.6\lib\common\debug.obj
c:\users\capta\onedrive\desktop\retroarch-dev\flycast-dojo-master\build-libretro\flycast_libretro.dir\core\deps\libchdr\deps\zstd-1.5.6\lib\common\entropy_common.obj
c:\users\capta\onedrive\desktop\retroarch-dev\flycast-dojo-master\build-libretro\flycast_libretro.dir\core\deps\libchdr\deps\zstd-1.5.6\lib\common\error_private.obj
c:\users\capta\onedrive\desktop\retroarch-dev\flycast-dojo-master\build-libretro\flycast_libretro.dir\core\deps\libchdr\deps\zstd-1.5.6\lib\common\fse_decompress.obj
c:\users\capta\onedrive\desktop\retroarch-dev\flycast-dojo-master\build-libretro\flycast_libretro.dir\core\deps\libchdr\deps\zstd-1.5.6\lib\common\pool.obj
c:\users\capta\onedrive\desktop\retroarch-dev\flycast-dojo-master\build-libretro\flycast_libretro.dir\core\deps\libchdr\deps\zstd-1.5.6\lib\common\threading.obj
c:\users\capta\onedrive\desktop\retroarch-dev\flycast-dojo-master\build-libretro\flycast_libretro.dir\core\deps\libchdr\deps\zstd-1.5.6\lib\common\xxhash.obj
c:\users\capta\onedrive\desktop\retroarch-dev\flycast-dojo-master\build-libretro\flycast_libretro.dir\core\deps\libchdr\deps\zstd-1.5.6\lib\common\zstd_common.obj
c:\users\capta\onedrive\desktop\retroarch-dev\flycast-dojo-master\build-libretro\flycast_libretro.dir\core\deps\libchdr\deps\zstd-1.5.6\lib\compress\fse_compress.obj
c:\users\capta\onedrive\desktop\retroarch-dev\flycast-dojo-master\build-libretro\flycast_libretro.dir\core\deps\libchdr\deps\zstd-1.5.6\lib\compress\hist.obj
c:\users\capta\onedrive\desktop\retroarch-dev\flycast-dojo-master\build-libretro\flycast_libretro.dir\core\deps\libchdr\deps\zstd-1.5.6\lib\compress\huf_compress.obj
c:\users\capta\onedrive\desktop\retroarch-dev\flycast-dojo-master\build-libretro\flycast_libretro.dir\core\deps\libchdr\deps\zstd-1.5.6\lib\compress\zstdmt_compress.obj
c:\users\capta\onedrive\desktop\retroarch-dev\flycast-dojo-master\build-libretro\flycast_libretro.dir\core\deps\libchdr\deps\zstd-1.5.6\lib\compress\zstd_compress.obj
c:\users\capta\onedrive\desktop\retroarch-dev\flycast-dojo-master\build-libretro\flycast_libretro.dir\core\deps\libchdr\deps\zstd-1.5.6\lib\compress\zstd_compress_literals.obj
c:\users\capta\onedrive\desktop\retroarch-dev\flycast-dojo-master\build-libretro\flycast_libretro.dir\core\deps\libchdr\deps\zstd-1.5.6\lib\compress\zstd_compress_sequences.obj
c:\users\capta\onedrive\desktop\retroarch-dev\flycast-dojo-master\build-libretro\flycast_libretro.dir\core\deps\libchdr\deps\zstd-1.5.6\lib\compress\zstd_compress_superblock.obj
c:\users\capta\onedrive\desktop\retroarch-dev\flycast-dojo-master\build-libretro\flycast_libretro.dir\core\deps\libchdr\deps\zstd-1.5.6\lib\compress\zstd_double_fast.obj
c:\users\capta\onedrive\desktop\retroarch-dev\flycast-dojo-master\build-libretro\flycast_libretro.dir\core\deps\libchdr\deps\zstd-1.5.6\lib\compress\zstd_fast.obj
c:\users\capta\onedrive\desktop\retroarch-dev\flycast-dojo-master\build-libretro\flycast_libretro.dir\core\deps\libchdr\deps\zstd-1.5.6\lib\compress\zstd_lazy.obj
c:\users\capta\onedrive\desktop\retroarch-dev\flycast-dojo-master\build-libretro\flycast_libretro.dir\core\deps\libchdr\deps\zstd-1.5.6\lib\compress\zstd_ldm.obj
c:\users\capta\onedrive\desktop\retroarch-dev\flycast-dojo-master\build-libretro\flycast_libretro.dir\core\deps\libchdr\deps\zstd-1.5.6\lib\compress\zstd_opt.obj
c:\users\capta\onedrive\desktop\retroarch-dev\flycast-dojo-master\build-libretro\flycast_libretro.dir\core\deps\libchdr\deps\zstd-1.5.6\lib\decompress\huf_decompress.obj
c:\users\capta\onedrive\desktop\retroarch-dev\flycast-dojo-master\build-libretro\flycast_libretro.dir\core\deps\libchdr\deps\zstd-1.5.6\lib\decompress\zstd_ddict.obj
c:\users\capta\onedrive\desktop\retroarch-dev\flycast-dojo-master\build-libretro\flycast_libretro.dir\core\deps\libchdr\deps\zstd-1.5.6\lib\decompress\zstd_decompress.obj
c:\users\capta\onedrive\desktop\retroarch-dev\flycast-dojo-master\build-libretro\flycast_libretro.dir\core\deps\libchdr\deps\zstd-1.5.6\lib\decompress\zstd_decompress_block.obj
c:\users\capta\onedrive\desktop\retroarch-dev\flycast-dojo-master\build-libretro\flycast_libretro.dir\core\deps\libchdr\deps\zstd-1.5.6\lib\dictbuilder\cover.obj
c:\users\capta\onedrive\desktop\retroarch-dev\flycast-dojo-master\build-libretro\flycast_libretro.dir\core\deps\libchdr\deps\zstd-1.5.6\lib\dictbuilder\divsufsort.obj
c:\users\capta\onedrive\desktop\retroarch-dev\flycast-dojo-master\build-libretro\flycast_libretro.dir\core\deps\libchdr\deps\zstd-1.5.6\lib\dictbuilder\fastcover.obj
c:\users\capta\onedrive\desktop\retroarch-dev\flycast-dojo-master\build-libretro\flycast_libretro.dir\core\deps\libchdr\deps\zstd-1.5.6\lib\dictbuilder\zdict.obj
c:\users\capta\onedrive\desktop\retroarch-dev\flycast-dojo-master\build-libretro\flycast_libretro.dir\core\deps\libchdr\deps\zstd-1.5.6\lib\deprecated\zbuff_common.obj
c:\users\capta\onedrive\desktop\retroarch-dev\flycast-dojo-master\build-libretro\flycast_libretro.dir\core\deps\libchdr\deps\zstd-1.5.6\lib\deprecated\zbuff_compress.obj
c:\users\capta\onedrive\desktop\retroarch-dev\flycast-dojo-master\build-libretro\flycast_libretro.dir\core\deps\libchdr\deps\zstd-1.5.6\lib\deprecated\zbuff_decompress.obj
c:\users\capta\onedrive\desktop\retroarch-dev\flycast-dojo-master\build-libretro\flycast_libretro.dir\core\deps\libzip\lib\zip_add.obj
c:\users\capta\onedrive\desktop\retroarch-dev\flycast-dojo-master\build-libretro\flycast_libretro.dir\core\deps\libzip\lib\zip_add_dir.obj
c:\users\capta\onedrive\desktop\retroarch-dev\flycast-dojo-master\build-libretro\flycast_libretro.dir\core\deps\libzip\lib\zip_add_entry.obj
c:\users\capta\onedrive\desktop\retroarch-dev\flycast-dojo-master\build-libretro\flycast_libretro.dir\core\deps\libzip\lib\zip_algorithm_deflate.obj
c:\users\capta\onedrive\desktop\retroarch-dev\flycast-dojo-master\build-libretro\flycast_libretro.dir\core\deps\libzip\lib\zip_algorithm_zstd.obj
c:\users\capta\onedrive\desktop\retroarch-dev\flycast-dojo-master\build-libretro\flycast_libretro.dir\core\deps\libzip\lib\zip_buffer.obj
c:\users\capta\onedrive\desktop\retroarch-dev\flycast-dojo-master\build-libretro\flycast_libretro.dir\core\deps\libzip\lib\zip_close.obj
c:\users\capta\onedrive\desktop\retroarch-dev\flycast-dojo-master\build-libretro\flycast_libretro.dir\core\deps\libzip\lib\zip_crypto_win.obj
c:\users\capta\onedrive\desktop\retroarch-dev\flycast-dojo-master\build-libretro\flycast_libretro.dir\core\deps\libzip\lib\zip_delete.obj
c:\users\capta\onedrive\desktop\retroarch-dev\flycast-dojo-master\build-libretro\flycast_libretro.dir\core\deps\libzip\lib\zip_dirent.obj
c:\users\capta\onedrive\desktop\retroarch-dev\flycast-dojo-master\build-libretro\flycast_libretro.dir\core\deps\libzip\lib\zip_dir_add.obj
c:\users\capta\onedrive\desktop\retroarch-dev\flycast-dojo-master\build-libretro\flycast_libretro.dir\core\deps\libzip\lib\zip_discard.obj
c:\users\capta\onedrive\desktop\retroarch-dev\flycast-dojo-master\build-libretro\flycast_libretro.dir\core\deps\libzip\lib\zip_entry.obj
c:\users\capta\onedrive\desktop\retroarch-dev\flycast-dojo-master\build-libretro\flycast_libretro.dir\core\deps\libzip\lib\zip_error.obj
c:\users\capta\onedrive\desktop\retroarch-dev\flycast-dojo-master\build-libretro\flycast_libretro.dir\core\deps\libzip\lib\zip_error_clear.obj
c:\users\capta\onedrive\desktop\retroarch-dev\flycast-dojo-master\build-libretro\flycast_libretro.dir\core\deps\libzip\lib\zip_error_get.obj
c:\users\capta\onedrive\desktop\retroarch-dev\flycast-dojo-master\build-libretro\flycast_libretro.dir\core\deps\libzip\lib\zip_error_get_sys_type.obj
c:\users\capta\onedrive\desktop\retroarch-dev\flycast-dojo-master\build-libretro\flycast_libretro.dir\core\deps\libzip\lib\zip_error_strerror.obj
c:\users\capta\onedrive\desktop\retroarch-dev\flycast-dojo-master\build-libretro\flycast_libretro.dir\core\deps\libzip\lib\zip_error_to_str.obj
c:\users\capta\onedrive\desktop\retroarch-dev\flycast-dojo-master\build-libretro\flycast_libretro.dir\core\deps\libzip\lib\zip_err_str.obj
c:\users\capta\onedrive\desktop\retroarch-dev\flycast-dojo-master\build-libretro\flycast_libretro.dir\core\deps\libzip\lib\zip_extra_field.obj
c:\users\capta\onedrive\desktop\retroarch-dev\flycast-dojo-master\build-libretro\flycast_libretro.dir\core\deps\libzip\lib\zip_extra_field_api.obj
c:\users\capta\onedrive\desktop\retroarch-dev\flycast-dojo-master\build-libretro\flycast_libretro.dir\core\deps\libzip\lib\zip_fclose.obj
c:\users\capta\onedrive\desktop\retroarch-dev\flycast-dojo-master\build-libretro\flycast_libretro.dir\core\deps\libzip\lib\zip_fdopen.obj
c:\users\capta\onedrive\desktop\retroarch-dev\flycast-dojo-master\build-libretro\flycast_libretro.dir\core\deps\libzip\lib\zip_file_add.obj
c:\users\capta\onedrive\desktop\retroarch-dev\flycast-dojo-master\build-libretro\flycast_libretro.dir\core\deps\libzip\lib\zip_file_error_clear.obj
c:\users\capta\onedrive\desktop\retroarch-dev\flycast-dojo-master\build-libretro\flycast_libretro.dir\core\deps\libzip\lib\zip_file_error_get.obj
c:\users\capta\onedrive\desktop\retroarch-dev\flycast-dojo-master\build-libretro\flycast_libretro.dir\core\deps\libzip\lib\zip_file_get_comment.obj
c:\users\capta\onedrive\desktop\retroarch-dev\flycast-dojo-master\build-libretro\flycast_libretro.dir\core\deps\libzip\lib\zip_file_get_external_attributes.obj
c:\users\capta\onedrive\desktop\retroarch-dev\flycast-dojo-master\build-libretro\flycast_libretro.dir\core\deps\libzip\lib\zip_file_get_offset.obj
c:\users\capta\onedrive\desktop\retroarch-dev\flycast-dojo-master\build-libretro\flycast_libretro.dir\core\deps\libzip\lib\zip_file_rename.obj
c:\users\capta\onedrive\desktop\retroarch-dev\flycast-dojo-master\build-libretro\flycast_libretro.dir\core\deps\libzip\lib\zip_file_replace.obj
c:\users\capta\onedrive\desktop\retroarch-dev\flycast-dojo-master\build-libretro\flycast_libretro.dir\core\deps\libzip\lib\zip_file_set_comment.obj
c:\users\capta\onedrive\desktop\retroarch-dev\flycast-dojo-master\build-libretro\flycast_libretro.dir\core\deps\libzip\lib\zip_file_set_encryption.obj
c:\users\capta\onedrive\desktop\retroarch-dev\flycast-dojo-master\build-libretro\flycast_libretro.dir\core\deps\libzip\lib\zip_file_set_external_attributes.obj
c:\users\capta\onedrive\desktop\retroarch-dev\flycast-dojo-master\build-libretro\flycast_libretro.dir\core\deps\libzip\lib\zip_file_set_mtime.obj
c:\users\capta\onedrive\desktop\retroarch-dev\flycast-dojo-master\build-libretro\flycast_libretro.dir\core\deps\libzip\lib\zip_file_strerror.obj
c:\users\capta\onedrive\desktop\retroarch-dev\flycast-dojo-master\build-libretro\flycast_libretro.dir\core\deps\libzip\lib\zip_fopen.obj
c:\users\capta\onedrive\desktop\retroarch-dev\flycast-dojo-master\build-libretro\flycast_libretro.dir\core\deps\libzip\lib\zip_fopen_encrypted.obj
c:\users\capta\onedrive\desktop\retroarch-dev\flycast-dojo-master\build-libretro\flycast_libretro.dir\core\deps\libzip\lib\zip_fopen_index.obj
c:\users\capta\onedrive\desktop\retroarch-dev\flycast-dojo-master\build-libretro\flycast_libretro.dir\core\deps\libzip\lib\zip_fopen_index_encrypted.obj
c:\users\capta\onedrive\desktop\retroarch-dev\flycast-dojo-master\build-libretro\flycast_libretro.dir\core\deps\libzip\lib\zip_fread.obj
c:\users\capta\onedrive\desktop\retroarch-dev\flycast-dojo-master\build-libretro\flycast_libretro.dir\core\deps\libzip\lib\zip_fseek.obj
c:\users\capta\onedrive\desktop\retroarch-dev\flycast-dojo-master\build-libretro\flycast_libretro.dir\core\deps\libzip\lib\zip_ftell.obj
c:\users\capta\onedrive\desktop\retroarch-dev\flycast-dojo-master\build-libretro\flycast_libretro.dir\core\deps\libzip\lib\zip_get_archive_comment.obj
c:\users\capta\onedrive\desktop\retroarch-dev\flycast-dojo-master\build-libretro\flycast_libretro.dir\core\deps\libzip\lib\zip_get_archive_flag.obj
c:\users\capta\onedrive\desktop\retroarch-dev\flycast-dojo-master\build-libretro\flycast_libretro.dir\core\deps\libzip\lib\zip_get_encryption_implementation.obj
c:\users\capta\onedrive\desktop\retroarch-dev\flycast-dojo-master\build-libretro\flycast_libretro.dir\core\deps\libzip\lib\zip_get_file_comment.obj
c:\users\capta\onedrive\desktop\retroarch-dev\flycast-dojo-master\build-libretro\flycast_libretro.dir\core\deps\libzip\lib\zip_get_name.obj
c:\users\capta\onedrive\desktop\retroarch-dev\flycast-dojo-master\build-libretro\flycast_libretro.dir\core\deps\libzip\lib\zip_get_num_entries.obj
c:\users\capta\onedrive\desktop\retroarch-dev\flycast-dojo-master\build-libretro\flycast_libretro.dir\core\deps\libzip\lib\zip_get_num_files.obj
c:\users\capta\onedrive\desktop\retroarch-dev\flycast-dojo-master\build-libretro\flycast_libretro.dir\core\deps\libzip\lib\zip_hash.obj
c:\users\capta\onedrive\desktop\retroarch-dev\flycast-dojo-master\build-libretro\flycast_libretro.dir\core\deps\libzip\lib\zip_io_util.obj
c:\users\capta\onedrive\desktop\retroarch-dev\flycast-dojo-master\build-libretro\flycast_libretro.dir\core\deps\libzip\lib\zip_libzip_version.obj
c:\users\capta\onedrive\desktop\retroarch-dev\flycast-dojo-master\build-libretro\flycast_libretro.dir\core\deps\libzip\lib\zip_memdup.obj
c:\users\capta\onedrive\desktop\retroarch-dev\flycast-dojo-master\build-libretro\flycast_libretro.dir\core\deps\libzip\lib\zip_name_locate.obj
c:\users\capta\onedrive\desktop\retroarch-dev\flycast-dojo-master\build-libretro\flycast_libretro.dir\core\deps\libzip\lib\zip_new.obj
c:\users\capta\onedrive\desktop\retroarch-dev\flycast-dojo-master\build-libretro\flycast_libretro.dir\core\deps\libzip\lib\zip_open.obj
c:\users\capta\onedrive\desktop\retroarch-dev\flycast-dojo-master\build-libretro\flycast_libretro.dir\core\deps\libzip\lib\zip_pkware.obj
c:\users\capta\onedrive\desktop\retroarch-dev\flycast-dojo-master\build-libretro\flycast_libretro.dir\core\deps\libzip\lib\zip_progress.obj
c:\users\capta\onedrive\desktop\retroarch-dev\flycast-dojo-master\build-libretro\flycast_libretro.dir\core\deps\libzip\lib\zip_random_win32.obj
c:\users\capta\onedrive\desktop\retroarch-dev\flycast-dojo-master\build-libretro\flycast_libretro.dir\core\deps\libzip\lib\zip_realloc.obj
c:\users\capta\onedrive\desktop\retroarch-dev\flycast-dojo-master\build-libretro\flycast_libretro.dir\core\deps\libzip\lib\zip_rename.obj
c:\users\capta\onedrive\desktop\retroarch-dev\flycast-dojo-master\build-libretro\flycast_libretro.dir\core\deps\libzip\lib\zip_replace.obj
c:\users\capta\onedrive\desktop\retroarch-dev\flycast-dojo-master\build-libretro\flycast_libretro.dir\core\deps\libzip\lib\zip_set_archive_comment.obj
c:\users\capta\onedrive\desktop\retroarch-dev\flycast-dojo-master\build-libretro\flycast_libretro.dir\core\deps\libzip\lib\zip_set_archive_flag.obj
c:\users\capta\onedrive\desktop\retroarch-dev\flycast-dojo-master\build-libretro\flycast_libretro.dir\core\deps\libzip\lib\zip_set_default_password.obj
c:\users\capta\onedrive\desktop\retroarch-dev\flycast-dojo-master\build-libretro\flycast_libretro.dir\core\deps\libzip\lib\zip_set_file_comment.obj
c:\users\capta\onedrive\desktop\retroarch-dev\flycast-dojo-master\build-libretro\flycast_libretro.dir\core\deps\libzip\lib\zip_set_file_compression.obj
c:\users\capta\onedrive\desktop\retroarch-dev\flycast-dojo-master\build-libretro\flycast_libretro.dir\core\deps\libzip\lib\zip_set_name.obj
c:\users\capta\onedrive\desktop\retroarch-dev\flycast-dojo-master\build-libretro\flycast_libretro.dir\core\deps\libzip\lib\zip_source_accept_empty.obj
c:\users\capta\onedrive\desktop\retroarch-dev\flycast-dojo-master\build-libretro\flycast_libretro.dir\core\deps\libzip\lib\zip_source_begin_write.obj
c:\users\capta\onedrive\desktop\retroarch-dev\flycast-dojo-master\build-libretro\flycast_libretro.dir\core\deps\libzip\lib\zip_source_begin_write_cloning.obj
c:\users\capta\onedrive\desktop\retroarch-dev\flycast-dojo-master\build-libretro\flycast_libretro.dir\core\deps\libzip\lib\zip_source_buffer.obj
c:\users\capta\onedrive\desktop\retroarch-dev\flycast-dojo-master\build-libretro\flycast_libretro.dir\core\deps\libzip\lib\zip_source_call.obj
c:\users\capta\onedrive\desktop\retroarch-dev\flycast-dojo-master\build-libretro\flycast_libretro.dir\core\deps\libzip\lib\zip_source_close.obj
c:\users\capta\onedrive\desktop\retroarch-dev\flycast-dojo-master\build-libretro\flycast_libretro.dir\core\deps\libzip\lib\zip_source_commit_write.obj
c:\users\capta\onedrive\desktop\retroarch-dev\flycast-dojo-master\build-libretro\flycast_libretro.dir\core\deps\libzip\lib\zip_source_compress.obj
c:\users\capta\onedrive\desktop\retroarch-dev\flycast-dojo-master\build-libretro\flycast_libretro.dir\core\deps\libzip\lib\zip_source_crc.obj
c:\users\capta\onedrive\desktop\retroarch-dev\flycast-dojo-master\build-libretro\flycast_libretro.dir\core\deps\libzip\lib\zip_source_error.obj
c:\users\capta\onedrive\desktop\retroarch-dev\flycast-dojo-master\build-libretro\flycast_libretro.dir\core\deps\libzip\lib\zip_source_file_common.obj
c:\users\capta\onedrive\desktop\retroarch-dev\flycast-dojo-master\build-libretro\flycast_libretro.dir\core\deps\libzip\lib\zip_source_file_stdio.obj
c:\users\capta\onedrive\desktop\retroarch-dev\flycast-dojo-master\build-libretro\flycast_libretro.dir\core\deps\libzip\lib\zip_source_file_win32.obj
c:\users\capta\onedrive\desktop\retroarch-dev\flycast-dojo-master\build-libretro\flycast_libretro.dir\core\deps\libzip\lib\zip_source_file_win32_ansi.obj
c:\users\capta\onedrive\desktop\retroarch-dev\flycast-dojo-master\build-libretro\flycast_libretro.dir\core\deps\libzip\lib\zip_source_file_win32_named.obj
c:\users\capta\onedrive\desktop\retroarch-dev\flycast-dojo-master\build-libretro\flycast_libretro.dir\core\deps\libzip\lib\zip_source_file_win32_utf16.obj
c:\users\capta\onedrive\desktop\retroarch-dev\flycast-dojo-master\build-libretro\flycast_libretro.dir\core\deps\libzip\lib\zip_source_file_win32_utf8.obj
c:\users\capta\onedrive\desktop\retroarch-dev\flycast-dojo-master\build-libretro\flycast_libretro.dir\core\deps\libzip\lib\zip_source_free.obj
c:\users\capta\onedrive\desktop\retroarch-dev\flycast-dojo-master\build-libretro\flycast_libretro.dir\core\deps\libzip\lib\zip_source_function.obj
c:\users\capta\onedrive\desktop\retroarch-dev\flycast-dojo-master\build-libretro\flycast_libretro.dir\core\deps\libzip\lib\zip_source_get_dostime.obj
c:\users\capta\onedrive\desktop\retroarch-dev\flycast-dojo-master\build-libretro\flycast_libretro.dir\core\deps\libzip\lib\zip_source_get_file_attributes.obj
c:\users\capta\onedrive\desktop\retroarch-dev\flycast-dojo-master\build-libretro\flycast_libretro.dir\core\deps\libzip\lib\zip_source_is_deleted.obj
c:\users\capta\onedrive\desktop\retroarch-dev\flycast-dojo-master\build-libretro\flycast_libretro.dir\core\deps\libzip\lib\zip_source_layered.obj
c:\users\capta\onedrive\desktop\retroarch-dev\flycast-dojo-master\build-libretro\flycast_libretro.dir\core\deps\libzip\lib\zip_source_open.obj
c:\users\capta\onedrive\desktop\retroarch-dev\flycast-dojo-master\build-libretro\flycast_libretro.dir\core\deps\libzip\lib\zip_source_pass_to_lower_layer.obj
c:\users\capta\onedrive\desktop\retroarch-dev\flycast-dojo-master\build-libretro\flycast_libretro.dir\core\deps\libzip\lib\zip_source_pkware_decode.obj
c:\users\capta\onedrive\desktop\retroarch-dev\flycast-dojo-master\build-libretro\flycast_libretro.dir\core\deps\libzip\lib\zip_source_pkware_encode.obj
c:\users\capta\onedrive\desktop\retroarch-dev\flycast-dojo-master\build-libretro\flycast_libretro.dir\core\deps\libzip\lib\zip_source_read.obj
c:\users\capta\onedrive\desktop\retroarch-dev\flycast-dojo-master\build-libretro\flycast_libretro.dir\core\deps\libzip\lib\zip_source_remove.obj
c:\users\capta\onedrive\desktop\retroarch-dev\flycast-dojo-master\build-libretro\flycast_libretro.dir\core\deps\libzip\lib\zip_source_rollback_write.obj
c:\users\capta\onedrive\desktop\retroarch-dev\flycast-dojo-master\build-libretro\flycast_libretro.dir\core\deps\libzip\lib\zip_source_seek.obj
c:\users\capta\onedrive\desktop\retroarch-dev\flycast-dojo-master\build-libretro\flycast_libretro.dir\core\deps\libzip\lib\zip_source_seek_write.obj
c:\users\capta\onedrive\desktop\retroarch-dev\flycast-dojo-master\build-libretro\flycast_libretro.dir\core\deps\libzip\lib\zip_source_stat.obj
c:\users\capta\onedrive\desktop\retroarch-dev\flycast-dojo-master\build-libretro\flycast_libretro.dir\core\deps\libzip\lib\zip_source_supports.obj
c:\users\capta\onedrive\desktop\retroarch-dev\flycast-dojo-master\build-libretro\flycast_libretro.dir\core\deps\libzip\lib\zip_source_tell.obj
c:\users\capta\onedrive\desktop\retroarch-dev\flycast-dojo-master\build-libretro\flycast_libretro.dir\core\deps\libzip\lib\zip_source_tell_write.obj
c:\users\capta\onedrive\desktop\retroarch-dev\flycast-dojo-master\build-libretro\flycast_libretro.dir\core\deps\libzip\lib\zip_source_window.obj
c:\users\capta\onedrive\desktop\retroarch-dev\flycast-dojo-master\build-libretro\flycast_libretro.dir\core\deps\libzip\lib\zip_source_winzip_aes_decode.obj
c:\users\capta\onedrive\desktop\retroarch-dev\flycast-dojo-master\build-libretro\flycast_libretro.dir\core\deps\libzip\lib\zip_source_winzip_aes_encode.obj
c:\users\capta\onedrive\desktop\retroarch-dev\flycast-dojo-master\build-libretro\flycast_libretro.dir\core\deps\libzip\lib\zip_source_write.obj
c:\users\capta\onedrive\desktop\retroarch-dev\flycast-dojo-master\build-libretro\flycast_libretro.dir\core\deps\libzip\lib\zip_source_zip.obj
c:\users\capta\onedrive\desktop\retroarch-dev\flycast-dojo-master\build-libretro\flycast_libretro.dir\core\deps\libzip\lib\zip_source_zip_new.obj
c:\users\capta\onedrive\desktop\retroarch-dev\flycast-dojo-master\build-libretro\flycast_libretro.dir\core\deps\libzip\lib\zip_stat.obj
c:\users\capta\onedrive\desktop\retroarch-dev\flycast-dojo-master\build-libretro\flycast_libretro.dir\core\deps\libzip\lib\zip_stat_index.obj
c:\users\capta\onedrive\desktop\retroarch-dev\flycast-dojo-master\build-libretro\flycast_libretro.dir\core\deps\libzip\lib\zip_stat_init.obj
c:\users\capta\onedrive\desktop\retroarch-dev\flycast-dojo-master\build-libretro\flycast_libretro.dir\core\deps\libzip\lib\zip_strerror.obj
c:\users\capta\onedrive\desktop\retroarch-dev\flycast-dojo-master\build-libretro\flycast_libretro.dir\core\deps\libzip\lib\zip_string.obj
c:\users\capta\onedrive\desktop\retroarch-dev\flycast-dojo-master\build-libretro\flycast_libretro.dir\core\deps\libzip\lib\zip_unchange.obj
c:\users\capta\onedrive\desktop\retroarch-dev\flycast-dojo-master\build-libretro\flycast_libretro.dir\core\deps\libzip\lib\zip_unchange_all.obj
c:\users\capta\onedrive\desktop\retroarch-dev\flycast-dojo-master\build-libretro\flycast_libretro.dir\core\deps\libzip\lib\zip_unchange_archive.obj
c:\users\capta\onedrive\desktop\retroarch-dev\flycast-dojo-master\build-libretro\flycast_libretro.dir\core\deps\libzip\lib\zip_unchange_data.obj
c:\users\capta\onedrive\desktop\retroarch-dev\flycast-dojo-master\build-libretro\flycast_libretro.dir\core\deps\libzip\lib\zip_utf-8.obj
c:\users\capta\onedrive\desktop\retroarch-dev\flycast-dojo-master\build-libretro\flycast_libretro.dir\core\deps\libzip\lib\zip_winzip_aes.obj
c:\users\capta\onedrive\desktop\retroarch-dev\flycast-dojo-master\build-libretro\flycast_libretro.dir\core\deps\libelf\src\elf.obj
c:\users\capta\onedrive\desktop\retroarch-dev\flycast-dojo-master\build-libretro\flycast_libretro.dir\core\deps\libelf\src\elf32.obj
c:\users\capta\onedrive\desktop\retroarch-dev\flycast-dojo-master\build-libretro\flycast_libretro.dir\core\deps\libelf\src\elf64.obj
c:\users\capta\onedrive\desktop\retroarch-dev\flycast-dojo-master\build-libretro\flycast_libretro.dir\core\deps\miniupnpc\src\addr_is_reserved.obj
c:\users\capta\onedrive\desktop\retroarch-dev\flycast-dojo-master\build-libretro\flycast_libretro.dir\core\deps\miniupnpc\src\connecthostport.obj
c:\users\capta\onedrive\desktop\retroarch-dev\flycast-dojo-master\build-libretro\flycast_libretro.dir\core\deps\miniupnpc\src\igd_desc_parse.obj
c:\users\capta\onedrive\desktop\retroarch-dev\flycast-dojo-master\build-libretro\flycast_libretro.dir\core\deps\miniupnpc\src\minisoap.obj
c:\users\capta\onedrive\desktop\retroarch-dev\flycast-dojo-master\build-libretro\flycast_libretro.dir\core\deps\miniupnpc\src\minissdpc.obj
c:\users\capta\onedrive\desktop\retroarch-dev\flycast-dojo-master\build-libretro\flycast_libretro.dir\core\deps\miniupnpc\src\miniupnpc.obj
c:\users\capta\onedrive\desktop\retroarch-dev\flycast-dojo-master\build-libretro\flycast_libretro.dir\core\deps\miniupnpc\src\miniwget.obj
c:\users\capta\onedrive\desktop\retroarch-dev\flycast-dojo-master\build-libretro\flycast_libretro.dir\core\deps\miniupnpc\src\minixml.obj
c:\users\capta\onedrive\desktop\retroarch-dev\flycast-dojo-master\build-libretro\flycast_libretro.dir\core\deps\miniupnpc\src\portlistingparse.obj
c:\users\capta\onedrive\desktop\retroarch-dev\flycast-dojo-master\build-libretro\flycast_libretro.dir\core\deps\miniupnpc\src\receivedata.obj
c:\users\capta\onedrive\desktop\retroarch-dev\flycast-dojo-master\build-libretro\flycast_libretro.dir\core\deps\miniupnpc\src\upnpcommands.obj
c:\users\capta\onedrive\desktop\retroarch-dev\flycast-dojo-master\build-libretro\flycast_libretro.dir\core\deps\miniupnpc\src\upnpdev.obj
c:\users\capta\onedrive\desktop\retroarch-dev\flycast-dojo-master\build-libretro\flycast_libretro.dir\core\deps\miniupnpc\src\upnperrors.obj
c:\users\capta\onedrive\desktop\retroarch-dev\flycast-dojo-master\build-libretro\flycast_libretro.dir\core\deps\miniupnpc\src\upnpreplyparse.obj
c:\users\capta\onedrive\desktop\retroarch-dev\flycast-dojo-master\build-libretro\flycast_libretro.dir\core\deps\nowide\src\iostream.obj
c:\users\capta\onedrive\desktop\retroarch-dev\flycast-dojo-master\build-libretro\flycast_libretro.dir\core\deps\glslang\glslang\stub.obj
c:\users\capta\onedrive\desktop\retroarch-dev\flycast-dojo-master\build-libretro\flycast_libretro.dir\core\deps\glslang\glslang\genericcodegen\codegen.obj
c:\users\capta\onedrive\desktop\retroarch-dev\flycast-dojo-master\build-libretro\flycast_libretro.dir\core\deps\glslang\glslang\genericcodegen\link.obj
c:\users\capta\onedrive\desktop\retroarch-dev\flycast-dojo-master\build-libretro\flycast_libretro.dir\core\deps\glslang\glslang\machineindependent\attribute.obj
c:\users\capta\onedrive\desktop\retroarch-dev\flycast-dojo-master\build-libretro\flycast_libretro.dir\core\deps\glslang\glslang\machineindependent\constant.obj
c:\users\capta\onedrive\desktop\retroarch-dev\flycast-dojo-master\build-libretro\flycast_libretro.dir\core\deps\glslang\glslang\machineindependent\glslang_tab.obj
c:\users\capta\onedrive\desktop\retroarch-dev\flycast-dojo-master\build-libretro\flycast_libretro.dir\core\deps\glslang\glslang\machineindependent\infosink.obj
c:\users\capta\onedrive\desktop\retroarch-dev\flycast-dojo-master\build-libretro\flycast_libretro.dir\core\deps\glslang\glslang\machineindependent\initialize.obj
c:\users\capta\onedrive\desktop\retroarch-dev\flycast-dojo-master\build-libretro\flycast_libretro.dir\core\deps\glslang\glslang\machineindependent\intermediate.obj
c:\users\capta\onedrive\desktop\retroarch-dev\flycast-dojo-master\build-libretro\flycast_libretro.dir\core\deps\glslang\glslang\machineindependent\intermout.obj
c:\users\capta\onedrive\desktop\retroarch-dev\flycast-dojo-master\build-libretro\flycast_libretro.dir\core\deps\glslang\glslang\machineindependent\intermtraverse.obj
c:\users\capta\onedrive\desktop\retroarch-dev\flycast-dojo-master\build-libretro\flycast_libretro.dir\core\deps\glslang\glslang\machineindependent\iomapper.obj
c:\users\capta\onedrive\desktop\retroarch-dev\flycast-dojo-master\build-libretro\flycast_libretro.dir\core\deps\glslang\glslang\machineindependent\limits.obj
c:\users\capta\onedrive\desktop\retroarch-dev\flycast-dojo-master\build-libretro\flycast_libretro.dir\core\deps\glslang\glslang\machineindependent\linkvalidate.obj
c:\users\capta\onedrive\desktop\retroarch-dev\flycast-dojo-master\build-libretro\flycast_libretro.dir\core\deps\glslang\glslang\machineindependent\parseconst.obj
c:\users\capta\onedrive\desktop\retroarch-dev\flycast-dojo-master\build-libretro\flycast_libretro.dir\core\deps\glslang\glslang\machineindependent\parsecontextbase.obj
c:\users\capta\onedrive\desktop\retroarch-dev\flycast-dojo-master\build-libretro\flycast_libretro.dir\core\deps\glslang\glslang\machineindependent\parsehelper.obj
c:\users\capta\onedrive\desktop\retroarch-dev\flycast-dojo-master\build-libretro\flycast_libretro.dir\core\deps\glslang\glslang\machineindependent\poolalloc.obj
c:\users\capta\onedrive\desktop\retroarch-dev\flycast-dojo-master\build-libretro\flycast_libretro.dir\core\deps\glslang\glslang\machineindependent\propagatenocontraction.obj
c:\users\capta\onedrive\desktop\retroarch-dev\flycast-dojo-master\build-libretro\flycast_libretro.dir\core\deps\glslang\glslang\machineindependent\reflection.obj
c:\users\capta\onedrive\desktop\retroarch-dev\flycast-dojo-master\build-libretro\flycast_libretro.dir\core\deps\glslang\glslang\machineindependent\removetree.obj
c:\users\capta\onedrive\desktop\retroarch-dev\flycast-dojo-master\build-libretro\flycast_libretro.dir\core\deps\glslang\glslang\machineindependent\scan.obj
c:\users\capta\onedrive\desktop\retroarch-dev\flycast-dojo-master\build-libretro\flycast_libretro.dir\core\deps\glslang\glslang\machineindependent\shaderlang.obj
c:\users\capta\onedrive\desktop\retroarch-dev\flycast-dojo-master\build-libretro\flycast_libretro.dir\core\deps\glslang\glslang\machineindependent\spirvintrinsics.obj
c:\users\capta\onedrive\desktop\retroarch-dev\flycast-dojo-master\build-libretro\flycast_libretro.dir\core\deps\glslang\glslang\machineindependent\symboltable.obj
c:\users\capta\onedrive\desktop\retroarch-dev\flycast-dojo-master\build-libretro\flycast_libretro.dir\core\deps\glslang\glslang\machineindependent\versions.obj
c:\users\capta\onedrive\desktop\retroarch-dev\flycast-dojo-master\build-libretro\flycast_libretro.dir\core\deps\glslang\glslang\machineindependent\preprocessor\pp.obj
c:\users\capta\onedrive\desktop\retroarch-dev\flycast-dojo-master\build-libretro\flycast_libretro.dir\core\deps\glslang\glslang\machineindependent\preprocessor\ppatom.obj
c:\users\capta\onedrive\desktop\retroarch-dev\flycast-dojo-master\build-libretro\flycast_libretro.dir\core\deps\glslang\glslang\machineindependent\preprocessor\ppcontext.obj
c:\users\capta\onedrive\desktop\retroarch-dev\flycast-dojo-master\build-libretro\flycast_libretro.dir\core\deps\glslang\glslang\machineindependent\preprocessor\ppscanner.obj
c:\users\capta\onedrive\desktop\retroarch-dev\flycast-dojo-master\build-libretro\flycast_libretro.dir\core\deps\glslang\glslang\machineindependent\preprocessor\pptokens.obj
c:\users\capta\onedrive\desktop\retroarch-dev\flycast-dojo-master\build-libretro\flycast_libretro.dir\core\deps\glslang\glslang\osdependent\windows\ossource.obj
c:\users\capta\onedrive\desktop\retroarch-dev\flycast-dojo-master\build-libretro\flycast_libretro.dir\core\deps\glslang\glslang\resourcelimits\resourcelimits.obj
c:\users\capta\onedrive\desktop\retroarch-dev\flycast-dojo-master\build-libretro\flycast_libretro.dir\core\deps\glslang\glslang\resourcelimits\resource_limits_c.obj
c:\users\capta\onedrive\desktop\retroarch-dev\flycast-dojo-master\build-libretro\flycast_libretro.dir\core\deps\glslang\glslang\cinterface\glslang_c_interface.obj
c:\users\capta\onedrive\desktop\retroarch-dev\flycast-dojo-master\build-libretro\flycast_libretro.dir\core\deps\glslang\spirv\disassemble.obj
c:\users\capta\onedrive\desktop\retroarch-dev\flycast-dojo-master\build-libretro\flycast_libretro.dir\core\deps\glslang\spirv\doc.obj
c:\users\capta\onedrive\desktop\retroarch-dev\flycast-dojo-master\build-libretro\flycast_libretro.dir\core\deps\glslang\spirv\glslangtospv.obj
c:\users\capta\onedrive\desktop\retroarch-dev\flycast-dojo-master\build-libretro\flycast_libretro.dir\core\deps\glslang\spirv\inreadableorder.obj
c:\users\capta\onedrive\desktop\retroarch-dev\flycast-dojo-master\build-libretro\flycast_libretro.dir\core\deps\glslang\spirv\logger.obj
c:\users\capta\onedrive\desktop\retroarch-dev\flycast-dojo-master\build-libretro\flycast_libretro.dir\core\deps\glslang\spirv\spvbuilder.obj
c:\users\capta\onedrive\desktop\retroarch-dev\flycast-dojo-master\build-libretro\flycast_libretro.dir\core\deps\glslang\spirv\spvpostprocess.obj
c:\users\capta\onedrive\desktop\retroarch-dev\flycast-dojo-master\build-libretro\flycast_libretro.dir\core\deps\glslang\spirv\spvtools.obj
c:\users\capta\onedrive\desktop\retroarch-dev\flycast-dojo-master\build-libretro\flycast_libretro.dir\core\deps\glslang\spirv\cinterface\spirv_c_interface.obj
c:\users\capta\onedrive\desktop\retroarch-dev\flycast-dojo-master\build-libretro\flycast_libretro.dir\core\deps\ggpo\lib\ggpo\backends\p2p.obj
c:\users\capta\onedrive\desktop\retroarch-dev\flycast-dojo-master\build-libretro\flycast_libretro.dir\core\deps\ggpo\lib\ggpo\backends\spectator.obj
c:\users\capta\onedrive\desktop\retroarch-dev\flycast-dojo-master\build-libretro\flycast_libretro.dir\core\deps\ggpo\lib\ggpo\backends\synctest.obj
c:\users\capta\onedrive\desktop\retroarch-dev\flycast-dojo-master\build-libretro\flycast_libretro.dir\core\deps\ggpo\lib\ggpo\bitvector.obj
c:\users\capta\onedrive\desktop\retroarch-dev\flycast-dojo-master\build-libretro\flycast_libretro.dir\core\deps\ggpo\lib\ggpo\game_input.obj
c:\users\capta\onedrive\desktop\retroarch-dev\flycast-dojo-master\build-libretro\flycast_libretro.dir\core\deps\ggpo\lib\ggpo\input_queue.obj
c:\users\capta\onedrive\desktop\retroarch-dev\flycast-dojo-master\build-libretro\flycast_libretro.dir\core\deps\ggpo\lib\ggpo\main.obj
c:\users\capta\onedrive\desktop\retroarch-dev\flycast-dojo-master\build-libretro\flycast_libretro.dir\core\deps\ggpo\lib\ggpo\network\udp.obj
c:\users\capta\onedrive\desktop\retroarch-dev\flycast-dojo-master\build-libretro\flycast_libretro.dir\core\deps\ggpo\lib\ggpo\network\udp_proto.obj
c:\users\capta\onedrive\desktop\retroarch-dev\flycast-dojo-master\build-libretro\flycast_libretro.dir\core\deps\ggpo\lib\ggpo\platform_linux.obj
c:\users\capta\onedrive\desktop\retroarch-dev\flycast-dojo-master\build-libretro\flycast_libretro.dir\core\deps\ggpo\lib\ggpo\platform_windows.obj
c:\users\capta\onedrive\desktop\retroarch-dev\flycast-dojo-master\build-libretro\flycast_libretro.dir\core\deps\ggpo\lib\ggpo\poll.obj
c:\users\capta\onedrive\desktop\retroarch-dev\flycast-dojo-master\build-libretro\flycast_libretro.dir\core\deps\ggpo\lib\ggpo\sync.obj
c:\users\capta\onedrive\desktop\retroarch-dev\flycast-dojo-master\build-libretro\flycast_libretro.dir\core\deps\ggpo\lib\ggpo\timesync.obj
c:\users\capta\onedrive\desktop\retroarch-dev\flycast-dojo-master\build-libretro\flycast_libretro.dir\core\network\ggpo.obj
c:\users\capta\onedrive\desktop\retroarch-dev\flycast-dojo-master\build-libretro\flycast_libretro.dir\shell\libretro\libretro.obj
c:\users\capta\onedrive\desktop\retroarch-dev\flycast-dojo-master\build-libretro\release\flycast_libretro.dll
c:\users\capta\onedrive\desktop\retroarch-dev\flycast-dojo-master\build-libretro\release\flycast_libretro.pdb
c:\users\capta\onedrive\desktop\retroarch-dev\flycast-dojo-master\build-libretro\release\flycast_libretro.lib
c:\users\capta\onedrive\desktop\retroarch-dev\flycast-dojo-master\build-libretro\release\flycast_libretro.exp
c:\users\capta\onedrive\desktop\retroarch-dev\flycast-dojo-master\build-libretro\release\flycast_libretro.ilk
c:\users\capta\onedrive\desktop\retroarch-dev\flycast-dojo-master\build-libretro\flycast_libretro.dir\release\flycast_libretro.tlog\cl.command.1.tlog
c:\users\capta\onedrive\desktop\retroarch-dev\flycast-dojo-master\build-libretro\flycast_libretro.dir\release\flycast_libretro.tlog\cl.items.tlog
c:\users\capta\onedrive\desktop\retroarch-dev\flycast-dojo-master\build-libretro\flycast_libretro.dir\release\flycast_libretro.tlog\cl.read.1.tlog
c:\users\capta\onedrive\desktop\retroarch-dev\flycast-dojo-master\build-libretro\flycast_libretro.dir\release\flycast_libretro.tlog\cl.write.1.tlog
c:\users\capta\onedrive\desktop\retroarch-dev\flycast-dojo-master\build-libretro\flycast_libretro.dir\release\flycast_libretro.tlog\link.command.1.tlog
c:\users\capta\onedrive\desktop\retroarch-dev\flycast-dojo-master\build-libretro\flycast_libretro.dir\release\flycast_libretro.tlog\link.read.1.tlog
c:\users\capta\onedrive\desktop\retroarch-dev\flycast-dojo-master\build-libretro\flycast_libretro.dir\release\flycast_libretro.tlog\link.secondary.1.tlog
c:\users\capta\onedrive\desktop\retroarch-dev\flycast-dojo-master\build-libretro\flycast_libretro.dir\release\flycast_libretro.tlog\link.write.1.tlog
